<?xml version="1.0" encoding="UTF-8"?>
<testng-results skipped="0" failed="0" ignored="0" total="2" passed="2">
  <reporter-output>
  </reporter-output>
  <suite name="Suite" duration-ms="18118" started-at="2019-06-27T16:50:40Z" finished-at="2019-06-27T16:50:58Z">
    <groups>
    </groups>
    <test name="Test2" duration-ms="12110" started-at="2019-06-27T16:50:40Z" finished-at="2019-06-27T16:50:52Z">
      <class name="tc2">
        <test-method status="PASS" signature="f()[pri:0, instance:tc2@675d3402]" name="f" duration-ms="12062" started-at="2019-06-27T16:50:40Z" finished-at="2019-06-27T16:50:52Z">
          <reporter-output>
          </reporter-output>
        </test-method> <!-- f -->
      </class> <!-- tc2 -->
    </test> <!-- Test2 -->
    <test name="Test1" duration-ms="18118" started-at="2019-06-27T16:50:40Z" finished-at="2019-06-27T16:50:58Z">
      <class name="tc1">
        <test-method status="PASS" signature="f()[pri:0, instance:tc1@573f2bb1]" name="f" duration-ms="18086" started-at="2019-06-27T16:50:40Z" finished-at="2019-06-27T16:50:58Z">
          <reporter-output>
          </reporter-output>
        </test-method> <!-- f -->
      </class> <!-- tc1 -->
    </test> <!-- Test1 -->
  </suite> <!-- Suite -->
</testng-results>
